This file contains any messages produced by compilers while
running configure, to aid debugging if configure makes a mistake.

It was created by Limine configure 9.5.1, which was
generated by GNU Autoconf 2.72.  Invocation command line was

  $ ./configure

## --------- ##
## Platform. ##
## --------- ##

hostname = gregoryl-Yoga-7-14IAL7
uname -m = x86_64
uname -r = 6.8.0-64-generic
uname -s = Linux
uname -v = #67-Ubuntu SMP PREEMPT_DYNAMIC Sun Jun 15 20:23:31 UTC 2025

/usr/bin/uname -p = x86_64
/bin/uname -X     = unknown

/bin/arch              = x86_64
/usr/bin/arch -k       = unknown
/usr/convex/getsysinfo = unknown
/usr/bin/hostinfo      = unknown
/bin/machine           = unknown
/usr/bin/oslevel       = unknown
/bin/universe          = unknown

PATH: /home/gregoryl/cross-compiler/bin/
PATH: /home/gregoryl/cross-compiler/bin/
PATH: /tmp/.mount_CursorCXMfhI/usr/bin/
PATH: /tmp/.mount_CursorCXMfhI/usr/sbin/
PATH: /tmp/.mount_CursorCXMfhI/usr/games/
PATH: /tmp/.mount_CursorCXMfhI/bin/
PATH: /tmp/.mount_CursorCXMfhI/sbin/
PATH: /usr/local/sbin/
PATH: /usr/local/bin/
PATH: /usr/sbin/
PATH: /usr/bin/
PATH: /sbin/
PATH: /bin/
PATH: /usr/games/
PATH: /usr/local/games/
PATH: /snap/bin/


## ----------- ##
## Core tests. ##
## ----------- ##

configure:2239: looking for aux files: install-sh config.guess config.sub
configure:2252:  trying ./build-aux/
configure:2263:   ./build-aux/install-sh found
configure:2281:   ./build-aux/config.guess found
configure:2281:   ./build-aux/config.sub found
configure:2417: checking build system type
configure:2433: result: x86_64-pc-linux-gnu
configure:2453: checking host system type
configure:2468: result: x86_64-pc-linux-gnu
configure:2588: checking for gcc
configure:2609: found /usr/bin/gcc
configure:2621: result: gcc
configure:2980: checking for C compiler version
configure:2989: gcc --version >&5
gcc (Ubuntu 13.3.0-6ubuntu2~24.04) 13.3.0
Copyright (C) 2023 Free Software Foundation, Inc.
This is free software; see the source for copying conditions.  There is NO
warranty; not even for MERCHANTABILITY or FITNESS FOR A PARTICULAR PURPOSE.

configure:3000: $? = 0
configure:2989: gcc -v >&5
Using built-in specs.
COLLECT_GCC=gcc
COLLECT_LTO_WRAPPER=/usr/libexec/gcc/x86_64-linux-gnu/13/lto-wrapper
OFFLOAD_TARGET_NAMES=nvptx-none:amdgcn-amdhsa
OFFLOAD_TARGET_DEFAULT=1
Target: x86_64-linux-gnu
Configured with: ../src/configure -v --with-pkgversion='Ubuntu 13.3.0-6ubuntu2~24.04' --with-bugurl=file:///usr/share/doc/gcc-13/README.Bugs --enable-languages=c,ada,c++,go,d,fortran,objc,obj-c++,m2 --prefix=/usr --with-gcc-major-version-only --program-suffix=-13 --program-prefix=x86_64-linux-gnu- --enable-shared --enable-linker-build-id --libexecdir=/usr/libexec --without-included-gettext --enable-threads=posix --libdir=/usr/lib --enable-nls --enable-bootstrap --enable-clocale=gnu --enable-libstdcxx-debug --enable-libstdcxx-time=yes --with-default-libstdcxx-abi=new --enable-libstdcxx-backtrace --enable-gnu-unique-object --disable-vtable-verify --enable-plugin --enable-default-pie --with-system-zlib --enable-libphobos-checking=release --with-target-system-zlib=auto --enable-objc-gc=auto --enable-multiarch --disable-werror --enable-cet --with-arch-32=i686 --with-abi=m64 --with-multilib-list=m32,m64,mx32 --enable-multilib --with-tune=generic --enable-offload-targets=nvptx-none=/build/gcc-13-fG75Ri/gcc-13-13.3.0/debian/tmp-nvptx/usr,amdgcn-amdhsa=/build/gcc-13-fG75Ri/gcc-13-13.3.0/debian/tmp-gcn/usr --enable-offload-defaulted --without-cuda-driver --enable-checking=release --build=x86_64-linux-gnu --host=x86_64-linux-gnu --target=x86_64-linux-gnu --with-build-config=bootstrap-lto-lean --enable-link-serialization=2
Thread model: posix
Supported LTO compression algorithms: zlib zstd
gcc version 13.3.0 (Ubuntu 13.3.0-6ubuntu2~24.04) 
... rest of stderr output deleted ...
configure:3000: $? = 0
configure:2989: gcc -V >&5
gcc: error: unrecognized command-line option '-V'
gcc: fatal error: no input files
compilation terminated.
configure:3000: $? = 1
configure:2989: gcc -qversion >&5
gcc: error: unrecognized command-line option '-qversion'; did you mean '--version'?
gcc: fatal error: no input files
compilation terminated.
configure:3000: $? = 1
configure:2989: gcc -version >&5
gcc: error: unrecognized command-line option '-version'
gcc: fatal error: no input files
compilation terminated.
configure:3000: $? = 1
configure:3020: checking whether the C compiler works
configure:3042: gcc -g -O2 -pipe   conftest.c  >&5
configure:3046: $? = 0
configure:3097: result: yes
configure:3101: checking for C compiler default output file name
configure:3103: result: a.out
configure:3109: checking for suffix of executables
configure:3116: gcc -o conftest -g -O2 -pipe   conftest.c  >&5
configure:3120: $? = 0
configure:3144: result: 
configure:3168: checking whether we are cross compiling
configure:3176: gcc -o conftest -g -O2 -pipe   conftest.c  >&5
configure:3180: $? = 0
configure:3187: ./conftest
configure:3191: $? = 0
configure:3206: result: no
configure:3212: checking for suffix of object files
configure:3235: gcc -c -g -O2 -pipe  conftest.c >&5
configure:3239: $? = 0
configure:3263: result: o
configure:3267: checking whether the compiler supports GNU C
configure:3287: gcc -c -g -O2 -pipe  conftest.c >&5
configure:3287: $? = 0
configure:3299: result: yes
configure:3310: checking whether gcc accepts -g
configure:3331: gcc -c -g  conftest.c >&5
configure:3331: $? = 0
configure:3378: result: yes
configure:3398: checking for gcc option to enable C11 features
configure:3413: gcc  -c -g -O2 -pipe  conftest.c >&5
configure:3413: $? = 0
configure:3432: result: none needed
configure:3568: checking for a race-free mkdir -p
configure:3611: result: /usr/bin/mkdir -p
configure:3630: checking for a BSD-compatible install
configure:3704: result: /usr/bin/install -c
configure:3716: checking for a sed that does not truncate output
configure:3788: result: /usr/bin/sed
configure:3794: checking for grep that handles long lines and -e
configure:3860: result: /usr/bin/grep
configure:3870: checking for gawk
configure:3906: result: no
configure:3870: checking for mawk
configure:3891: found /usr/bin/mawk
configure:3903: result: mawk
configure:3918: checking for find
configure:3939: found /usr/bin/find
configure:3951: result: yes
configure:4077: checking for strip
configure:4098: found /usr/bin/strip
configure:4110: result: strip
configure:4145: checking for stdio.h
configure:4145: gcc -c -g -O2 -pipe  conftest.c >&5
configure:4145: $? = 0
configure:4145: result: yes
configure:4145: checking for stdlib.h
configure:4145: gcc -c -g -O2 -pipe  conftest.c >&5
configure:4145: $? = 0
configure:4145: result: yes
configure:4145: checking for string.h
configure:4145: gcc -c -g -O2 -pipe  conftest.c >&5
configure:4145: $? = 0
configure:4145: result: yes
configure:4145: checking for inttypes.h
configure:4145: gcc -c -g -O2 -pipe  conftest.c >&5
configure:4145: $? = 0
configure:4145: result: yes
configure:4145: checking for stdint.h
configure:4145: gcc -c -g -O2 -pipe  conftest.c >&5
configure:4145: $? = 0
configure:4145: result: yes
configure:4145: checking for strings.h
configure:4145: gcc -c -g -O2 -pipe  conftest.c >&5
configure:4145: $? = 0
configure:4145: result: yes
configure:4145: checking for sys/stat.h
configure:4145: gcc -c -g -O2 -pipe  conftest.c >&5
configure:4145: $? = 0
configure:4145: result: yes
configure:4145: checking for sys/types.h
configure:4145: gcc -c -g -O2 -pipe  conftest.c >&5
configure:4145: $? = 0
configure:4145: result: yes
configure:4145: checking for unistd.h
configure:4145: gcc -c -g -O2 -pipe  conftest.c >&5
configure:4145: $? = 0
configure:4145: result: yes
configure:4173: checking for stdint.h
configure:4173: result: yes
configure:4173: checking for stddef.h
configure:4173: gcc -c -g -O2 -pipe  conftest.c >&5
configure:4173: $? = 0
configure:4173: result: yes
configure:4173: checking for stdbool.h
configure:4173: gcc -c -g -O2 -pipe  conftest.c >&5
configure:4173: $? = 0
configure:4173: result: yes
configure:4173: checking for limits.h
configure:4173: gcc -c -g -O2 -pipe  conftest.c >&5
configure:4173: $? = 0
configure:4173: result: yes
configure:4173: checking for inttypes.h
configure:4173: result: yes
configure:4173: checking for stdio.h
configure:4173: result: yes
configure:4173: checking for stdlib.h
configure:4173: result: yes
configure:4173: checking for string.h
configure:4173: result: yes
configure:4759: creating ./config.status

## ---------------------- ##
## Running config.status. ##
## ---------------------- ##

This file was extended by Limine config.status 9.5.1, which was
generated by GNU Autoconf 2.72.  Invocation command line was

  CONFIG_FILES    = 
  CONFIG_HEADERS  = 
  CONFIG_LINKS    = 
  CONFIG_COMMANDS = 
  $ ./config.status 

on gregoryl-Yoga-7-14IAL7

config.status:771: creating man/man1/limine.1
config.status:771: creating GNUmakefile
config.status:771: creating config.h

## ---------------- ##
## Cache variables. ##
## ---------------- ##

ac_cv_build=x86_64-pc-linux-gnu
ac_cv_c_compiler_gnu=yes
ac_cv_env_CC_FOR_TARGET_set=
ac_cv_env_CC_FOR_TARGET_value=
ac_cv_env_CC_set=
ac_cv_env_CC_value=
ac_cv_env_CFLAGS_FOR_TARGET_set=
ac_cv_env_CFLAGS_FOR_TARGET_value=
ac_cv_env_CFLAGS_set=
ac_cv_env_CFLAGS_value=
ac_cv_env_CPPFLAGS_FOR_TARGET_set=
ac_cv_env_CPPFLAGS_FOR_TARGET_value=
ac_cv_env_CPPFLAGS_set=
ac_cv_env_CPPFLAGS_value=
ac_cv_env_LDFLAGS_FOR_TARGET_set=
ac_cv_env_LDFLAGS_FOR_TARGET_value=
ac_cv_env_LDFLAGS_set=
ac_cv_env_LDFLAGS_value=
ac_cv_env_LD_FOR_TARGET_set=
ac_cv_env_LD_FOR_TARGET_value=
ac_cv_env_LIBS_set=
ac_cv_env_LIBS_value=
ac_cv_env_NASMFLAGS_FOR_TARGET_set=
ac_cv_env_NASMFLAGS_FOR_TARGET_value=
ac_cv_env_NM_FOR_TARGET_set=
ac_cv_env_NM_FOR_TARGET_value=
ac_cv_env_OBJCOPY_FOR_TARGET_set=
ac_cv_env_OBJCOPY_FOR_TARGET_value=
ac_cv_env_READELF_FOR_TARGET_set=
ac_cv_env_READELF_FOR_TARGET_value=
ac_cv_env_STRIP_set=
ac_cv_env_STRIP_value=
ac_cv_env_TOOLCHAIN_FOR_TARGET_set=
ac_cv_env_TOOLCHAIN_FOR_TARGET_value=
ac_cv_env_build_alias_set=
ac_cv_env_build_alias_value=
ac_cv_env_host_alias_set=
ac_cv_env_host_alias_value=
ac_cv_env_target_alias_set=
ac_cv_env_target_alias_value=
ac_cv_header_inttypes_h=yes
ac_cv_header_limits_h=yes
ac_cv_header_stdbool_h=yes
ac_cv_header_stddef_h=yes
ac_cv_header_stdint_h=yes
ac_cv_header_stdio_h=yes
ac_cv_header_stdlib_h=yes
ac_cv_header_string_h=yes
ac_cv_header_strings_h=yes
ac_cv_header_sys_stat_h=yes
ac_cv_header_sys_types_h=yes
ac_cv_header_unistd_h=yes
ac_cv_host=x86_64-pc-linux-gnu
ac_cv_objext=o
ac_cv_path_GREP=/usr/bin/grep
ac_cv_path_SED=/usr/bin/sed
ac_cv_path_install='/usr/bin/install -c'
ac_cv_path_mkdir=/usr/bin/mkdir
ac_cv_prog_AWK=mawk
ac_cv_prog_FIND_FOUND=yes
ac_cv_prog_ac_ct_CC=gcc
ac_cv_prog_ac_ct_STRIP=strip
ac_cv_prog_cc_c11=
ac_cv_prog_cc_g=yes
ac_cv_prog_cc_stdc=

## ----------------- ##
## Output variables. ##
## ----------------- ##

AWK='mawk'
BUILDDIR='/home/gregoryl/DevOps/os-tutorial/21-shell/limine-9.5.1'
BUILD_BIOS=''
BUILD_BIOS_CD='no'
BUILD_BIOS_PXE='no'
BUILD_UEFI_AARCH64=''
BUILD_UEFI_CD='no'
BUILD_UEFI_IA32=''
BUILD_UEFI_LOONGARCH64=''
BUILD_UEFI_RISCV64=''
BUILD_UEFI_X86_64=''
CC='gcc'
CC_FOR_TARGET=''
CFLAGS='-g -O2 -pipe'
CFLAGS_FOR_TARGET=' -g -O2 -pipe'
CPPFLAGS=''
CPPFLAGS_FOR_TARGET=''
DEFS='-DPACKAGE_NAME=\"Limine\" -DPACKAGE_TARNAME=\"limine\" -DPACKAGE_VERSION=\"9.5.1\" -DPACKAGE_STRING=\"Limine\ 9.5.1\" -DPACKAGE_BUGREPORT=\"https://github.com/limine-bootloader/limine/issues\" -DPACKAGE_URL=\"https://limine-bootloader.org/\" -DHAVE_STDIO_H=1 -DHAVE_STDLIB_H=1 -DHAVE_STRING_H=1 -DHAVE_INTTYPES_H=1 -DHAVE_STDINT_H=1 -DHAVE_STRINGS_H=1 -DHAVE_SYS_STAT_H=1 -DHAVE_SYS_TYPES_H=1 -DHAVE_UNISTD_H=1 -DSTDC_HEADERS=1 -DHAVE_STDINT_H=1 -DHAVE_STDDEF_H=1 -DHAVE_STDBOOL_H=1 -DHAVE_LIMITS_H=1 -DHAVE_INTTYPES_H=1 -DHAVE_STDIO_H=1 -DHAVE_STDLIB_H=1 -DHAVE_STRING_H=1'
ECHO_C=''
ECHO_N='-n'
ECHO_T=''
EXEEXT=''
FIND_FOUND='yes'
GREP='/usr/bin/grep'
GZIP_FOUND=''
INSTALL_DATA='${INSTALL} -m 644'
INSTALL_PROGRAM='${INSTALL}'
INSTALL_SCRIPT='${INSTALL}'
LDFLAGS=''
LDFLAGS_FOR_TARGET=''
LD_FOR_TARGET=''
LIBOBJS=''
LIBS=''
LIMINE_COPYRIGHT='Copyright (C) 2019-2025 Mintsuki and contributors.'
LTLIBOBJS=''
MKDIR_P='/usr/bin/mkdir -p'
MTOOLS_FOUND=''
NASMFLAGS_FOR_TARGET='-F dwarf -g'
NASM_FOUND=''
NM_FOR_TARGET=''
OBJCOPY_FOR_TARGET=''
OBJEXT='o'
PACKAGE_BUGREPORT='https://github.com/limine-bootloader/limine/issues'
PACKAGE_NAME='Limine'
PACKAGE_STRING='Limine 9.5.1'
PACKAGE_TARNAME='limine'
PACKAGE_URL='https://limine-bootloader.org/'
PACKAGE_VERSION='9.5.1'
PATH_SEPARATOR=':'
READELF_FOR_TARGET=''
REGEN_DATE='July 2025'
SED='/usr/bin/sed'
SHELL='/bin/bash'
SOURCE_DATE_EPOCH='1753802150'
SOURCE_DATE_EPOCH_TOUCH='202507291715'
SRCDIR='/home/gregoryl/DevOps/os-tutorial/21-shell/limine-9.5.1'
STRIP='strip'
STRIP_USER_FOUND=''
TOOLCHAIN_FOR_TARGET=''
WERROR_FLAG='-Wno-error'
ac_ct_CC='gcc'
bindir='${exec_prefix}/bin'
build='x86_64-pc-linux-gnu'
build_alias=''
build_cpu='x86_64'
build_os='linux-gnu'
build_vendor='pc'
datadir='${datarootdir}'
datarootdir='${prefix}/share'
docdir='${datarootdir}/doc/${PACKAGE_TARNAME}'
dvidir='${docdir}'
exec_prefix='${prefix}'
host='x86_64-pc-linux-gnu'
host_alias=''
host_cpu='x86_64'
host_os='linux-gnu'
host_vendor='pc'
htmldir='${docdir}'
includedir='${prefix}/include'
infodir='${datarootdir}/info'
libdir='${exec_prefix}/lib'
libexecdir='${exec_prefix}/libexec'
localedir='${datarootdir}/locale'
localstatedir='${prefix}/var'
mandir='${datarootdir}/man'
oldincludedir='/usr/include'
pdfdir='${docdir}'
prefix='/usr/local'
program_transform_name='s,x,x,'
psdir='${docdir}'
runstatedir='${localstatedir}/run'
sbindir='${exec_prefix}/sbin'
sharedstatedir='${prefix}/com'
sysconfdir='${prefix}/etc'
target_alias=''

## ----------- ##
## confdefs.h. ##
## ----------- ##

/* confdefs.h */
#define PACKAGE_NAME "Limine"
#define PACKAGE_TARNAME "limine"
#define PACKAGE_VERSION "9.5.1"
#define PACKAGE_STRING "Limine 9.5.1"
#define PACKAGE_BUGREPORT "https://github.com/limine-bootloader/limine/issues"
#define PACKAGE_URL "https://limine-bootloader.org/"
#define HAVE_STDIO_H 1
#define HAVE_STDLIB_H 1
#define HAVE_STRING_H 1
#define HAVE_INTTYPES_H 1
#define HAVE_STDINT_H 1
#define HAVE_STRINGS_H 1
#define HAVE_SYS_STAT_H 1
#define HAVE_SYS_TYPES_H 1
#define HAVE_UNISTD_H 1
#define STDC_HEADERS 1
#define HAVE_STDINT_H 1
#define HAVE_STDDEF_H 1
#define HAVE_STDBOOL_H 1
#define HAVE_LIMITS_H 1
#define HAVE_INTTYPES_H 1
#define HAVE_STDIO_H 1
#define HAVE_STDLIB_H 1
#define HAVE_STRING_H 1

configure: exit 0
